<?xml version="1.0" encoding="UTF-8"?>
<!-- Generated by org.testng.reporters.JUnitReportReporter -->
<testsuite hostname="Aadrika-Salse" failures="0" tests="1" name="TestMethod.ApplyTest" time="13.687" errors="0" timestamp="2024-06-18T19:02:42 IST" skipped="0">
  <testcase classname="TestMethod.ApplyTest" name="ApplyNewAssisment" time="13.687"/>
</testsuite> <!-- TestMethod.ApplyTest -->
